Dec 29, 2016 11:23:32 PM logs.LogManager appendToExceptionLogs
WARNING: java.sql.SQLException: Operation not allowed after ResultSet closed
Dec 30, 2016 11:36:36 AM logs.LogManager appendToExceptionLogs
WARNING: java.lang.NullPointerException
Jan 02, 2017 9:33:34 AM logs.LogManager appendToExceptionLogs
WARNING: com.mysql.jdbc.exceptions.jdbc4.CommunicationsException: Communications link failure

The last packet sent successfully to the server was 0 milliseconds ago. The driver has not received any packets from the server.
Jan 02, 2017 9:33:34 AM logs.LogManager appendToExceptionLogs
WARNING: java.lang.NullPointerException
Jan 02, 2017 9:33:34 AM logs.LogManager appendToExceptionLogs
WARNING: java.lang.NullPointerException
Jan 02, 2017 9:33:54 AM logs.LogManager appendToExceptionLogs
WARNING: com.mysql.jdbc.exceptions.jdbc4.CommunicationsException: Communications link failure

The last packet sent successfully to the server was 0 milliseconds ago. The driver has not received any packets from the server.
Jan 02, 2017 9:33:54 AM logs.LogManager appendToExceptionLogs
WARNING: java.lang.NullPointerException
Jan 02, 2017 9:33:54 AM logs.LogManager appendToExceptionLogs
WARNING: java.lang.NullPointerException
Jan 06, 2017 10:46:54 PM logs.LogManager appendToExceptionLogs
WARNING: java.util.MissingResourceException: Can't find resource for bundle java.util.PropertyResourceBundle, key driverClassName
Jan 06, 2017 10:46:54 PM logs.LogManager appendToExceptionLogs
WARNING: java.lang.NullPointerException
Jan 06, 2017 10:46:54 PM logs.LogManager appendToExceptionLogs
WARNING: java.lang.NullPointerException
Jan 06, 2017 10:55:00 PM logs.LogManager appendToExceptionLogs
WARNING: java.util.MissingResourceException: Can't find resource for bundle java.util.PropertyResourceBundle, key driverClassName
Jan 06, 2017 10:55:00 PM logs.LogManager appendToExceptionLogs
WARNING: java.lang.NullPointerException
Jan 06, 2017 10:55:00 PM logs.LogManager appendToExceptionLogs
WARNING: java.lang.NullPointerException
Jan 08, 2017 12:51:01 PM logs.LogManager appendToExceptionLogs
WARNING: java.lang.ClassNotFoundException: model.Uc_qualification
Jan 08, 2017 1:04:52 PM logs.LogManager appendToExceptionLogs
WARNING: com.mysql.jdbc.exceptions.jdbc4.MySQLSyntaxErrorException: Table 'urdhvaga-consultancy.qualifications' doesn't exist
Jan 08, 2017 1:04:52 PM logs.LogManager appendToExceptionLogs
WARNING: java.io.IOException: java.io.FileNotFoundException: D:\JAVA\apache-tomcat-8.0.36\work\Catalina\localhost\urdhvaga-consultancy\http:\localhost:8181\urdhvaga-consultancy\assets\Resume-Jignesh.pdf (The filename, directory name, or volume label syntax is incorrect)
Jan 08, 2017 1:25:38 PM logs.LogManager appendToExceptionLogs
WARNING: com.mysql.jdbc.exceptions.jdbc4.MySQLSyntaxErrorException: Table 'urdhvaga-consultancy.qualifications' doesn't exist
Jan 08, 2017 1:25:38 PM logs.LogManager appendToExceptionLogs
WARNING: java.io.IOException: java.io.FileNotFoundException: D:\JAVA\apache-tomcat-8.0.36\work\Catalina\localhost\urdhvaga-consultancy\http:\localhost:8181\urdhvaga-consultancy\assets\Resume-Jignesh.pdf (The filename, directory name, or volume label syntax is incorrect)
Jan 08, 2017 1:27:43 PM logs.LogManager appendToExceptionLogs
WARNING: com.mysql.jdbc.exceptions.jdbc4.MySQLSyntaxErrorException: Table 'model.uc_qualifications' doesn't exist
Jan 08, 2017 1:27:43 PM logs.LogManager appendToExceptionLogs
WARNING: java.io.IOException: java.io.FileNotFoundException: D:\JAVA\apache-tomcat-8.0.36\work\Catalina\localhost\urdhvaga-consultancy\http:\localhost:8181\urdhvaga-consultancy\assets\Resume-Jignesh.pdf (The filename, directory name, or volume label syntax is incorrect)
Jan 08, 2017 7:33:45 PM logs.LogManager appendToExceptionLogs
WARNING: java.io.IOException: java.io.FileNotFoundException: D:\JAVA\apache-tomcat-8.0.36\work\Catalina\localhost\urdhvaga-consultancy\http:\localhost:8181\urdhvaga-consultancy\assets\Resume-Jignesh.pdf (The filename, directory name, or volume label syntax is incorrect)
Jan 08, 2017 7:36:03 PM logs.LogManager appendToExceptionLogs
WARNING: java.io.IOException: java.io.FileNotFoundException: D:\JAVA\apache-tomcat-8.0.36\work\Catalina\localhost\urdhvaga-consultancy\assets\Resume-Jignesh.pdf (The system cannot find the path specified)
